<?xml version="1.0" encoding="UTF-8"?>
<!-- Generated by org.testng.reporters.JUnitReportReporter -->
<testsuite hostname="Bye-Bye" failures="0" tests="1" name="learntestng.Group3" time="0.005" errors="0" timestamp="2024-04-10T15:07:47 IST" skipped="0">
  <testcase classname="learntestng.Group3" name="product" time="0.005"/>
  <system-out/>
</testsuite> <!-- learntestng.Group3 -->
